Determining if the pthread_create exist failed with the following output:
Change Dir: /home/swarmie/rover_workspace/build/CMakeFiles/CMakeTmp

Run Build Command:/usr/bin/make "cmTryCompileExec2490485830/fast"
/usr/bin/make -f CMakeFiles/cmTryCompileExec2490485830.dir/build.make CMakeFiles/cmTryCompileExec2490485830.dir/build
make[1]: Entering directory `/home/swarmie/rover_workspace/build/CMakeFiles/CMakeTmp'
/usr/bin/cmake -E cmake_progress_report /home/swarmie/rover_workspace/build/CMakeFiles/CMakeTmp/CMakeFiles 1
Building C object CMakeFiles/cmTryCompileExec2490485830.dir/CheckSymbolExists.c.o
/usr/bin/cc    -o CMakeFiles/cmTryCompileExec2490485830.dir/CheckSymbolExists.c.o   -c /home/swarmie/rover_workspace/build/CMakeFiles/CMakeTmp/CheckSymbolExists.c
Linking C executable cmTryCompileExec2490485830
/usr/bin/cmake -E cmake_link_script CMakeFiles/cmTryCompileExec2490485830.dir/link.txt --verbose=1
/usr/bin/cc       CMakeFiles/cmTryCompileExec2490485830.dir/CheckSymbolExists.c.o  -o cmTryCompileExec2490485830 -rdynamic 
CMakeFiles/cmTryCompileExec2490485830.dir/CheckSymbolExists.c.o: In function `main':
CheckSymbolExists.c:(.text+0x16): undefined reference to `pthread_create'
collect2: error: ld returned 1 exit status
make[1]: Leaving directory `/home/swarmie/rover_workspace/build/CMakeFiles/CMakeTmp'
make[1]: *** [cmTryCompileExec2490485830] Error 1
make: *** [cmTryCompileExec2490485830/fast] Error 2

File /home/swarmie/rover_workspace/build/CMakeFiles/CMakeTmp/CheckSymbolExists.c:
/* */
#include <pthread.h>

int main(int argc, char** argv)
{
  (void)argv;
#ifndef pthread_create
  return ((int*)(&pthread_create))[argc];
#else
  (void)argc;
  return 0;
#endif
}

Determining if the function pthread_create exists in the pthreads failed with the following output:
Change Dir: /home/swarmie/rover_workspace/build/CMakeFiles/CMakeTmp

Run Build Command:/usr/bin/make "cmTryCompileExec111642933/fast"
/usr/bin/make -f CMakeFiles/cmTryCompileExec111642933.dir/build.make CMakeFiles/cmTryCompileExec111642933.dir/build
make[1]: Entering directory `/home/swarmie/rover_workspace/build/CMakeFiles/CMakeTmp'
/usr/bin/cmake -E cmake_progress_report /home/swarmie/rover_workspace/build/CMakeFiles/CMakeTmp/CMakeFiles 1
Building C object CMakeFiles/cmTryCompileExec111642933.dir/CheckFunctionExists.c.o
/usr/bin/cc   -DCHECK_FUNCTION_EXISTS=pthread_create   -o CMakeFiles/cmTryCompileExec111642933.dir/CheckFunctionExists.c.o   -c /usr/share/cmake-2.8/Modules/CheckFunctionExists.c
Linking C executable cmTryCompileExec111642933
/usr/bin/cmake -E cmake_link_script CMakeFiles/cmTryCompileExec111642933.dir/link.txt --verbose=1
/usr/bin/cc   -DCHECK_FUNCTION_EXISTS=pthread_create    CMakeFiles/cmTryCompileExec111642933.dir/CheckFunctionExists.c.o  -o cmTryCompileExec111642933 -rdynamic -lpthreads 
/usr/bin/ld: cannot find -lpthreads
collect2: error: ld returned 1 exit status
make[1]: *** [cmTryCompileExec111642933] Error 1
make[1]: Leaving directory `/home/swarmie/rover_workspace/build/CMakeFiles/CMakeTmp'
make: *** [cmTryCompileExec111642933/fast] Error 2


Determining if the Q_WS_WIN exist failed with the following output:
Change Dir: /home/swarmie/rover_workspace/build/CMakeFiles/CMakeTmp

Run Build Command:/usr/bin/make "cmTryCompileExec4215816561/fast"
/usr/bin/make -f CMakeFiles/cmTryCompileExec4215816561.dir/build.make CMakeFiles/cmTryCompileExec4215816561.dir/build
make[1]: Entering directory `/home/swarmie/rover_workspace/build/CMakeFiles/CMakeTmp'
/usr/bin/cmake -E cmake_progress_report /home/swarmie/rover_workspace/build/CMakeFiles/CMakeTmp/CMakeFiles 1
Building CXX object CMakeFiles/cmTryCompileExec4215816561.dir/CheckSymbolExists.cxx.o
/usr/bin/c++    -std=c++0x   -I/usr/include/qt4    -o CMakeFiles/cmTryCompileExec4215816561.dir/CheckSymbolExists.cxx.o -c /home/swarmie/rover_workspace/build/CMakeFiles/CMakeTmp/CheckSymbolExists.cxx
/home/swarmie/rover_workspace/build/CMakeFiles/CMakeTmp/CheckSymbolExists.cxx: In function ‘int main(int, char**)’:
/home/swarmie/rover_workspace/build/CMakeFiles/CMakeTmp/CheckSymbolExists.cxx:8:19: error: ‘Q_WS_WIN’ was not declared in this scope
   return ((int*)(&Q_WS_WIN))[argc];
                   ^
make[1]: *** [CMakeFiles/cmTryCompileExec4215816561.dir/CheckSymbolExists.cxx.o] Error 1
make[1]: Leaving directory `/home/swarmie/rover_workspace/build/CMakeFiles/CMakeTmp'
make: *** [cmTryCompileExec4215816561/fast] Error 2

File /home/swarmie/rover_workspace/build/CMakeFiles/CMakeTmp/CheckSymbolExists.cxx:
/* */
#include <QtCore/qglobal.h>

int main(int argc, char** argv)
{
  (void)argv;
#ifndef Q_WS_WIN
  return ((int*)(&Q_WS_WIN))[argc];
#else
  (void)argc;
  return 0;
#endif
}

Determining if the Q_WS_QWS exist failed with the following output:
Change Dir: /home/swarmie/rover_workspace/build/CMakeFiles/CMakeTmp

Run Build Command:/usr/bin/make "cmTryCompileExec2624976791/fast"
/usr/bin/make -f CMakeFiles/cmTryCompileExec2624976791.dir/build.make CMakeFiles/cmTryCompileExec2624976791.dir/build
make[1]: Entering directory `/home/swarmie/rover_workspace/build/CMakeFiles/CMakeTmp'
/usr/bin/cmake -E cmake_progress_report /home/swarmie/rover_workspace/build/CMakeFiles/CMakeTmp/CMakeFiles 1
Building CXX object CMakeFiles/cmTryCompileExec2624976791.dir/CheckSymbolExists.cxx.o
/usr/bin/c++    -std=c++0x   -I/usr/include/qt4    -o CMakeFiles/cmTryCompileExec2624976791.dir/CheckSymbolExists.cxx.o -c /home/swarmie/rover_workspace/build/CMakeFiles/CMakeTmp/CheckSymbolExists.cxx
/home/swarmie/rover_workspace/build/CMakeFiles/CMakeTmp/CheckSymbolExists.cxx: In function ‘int main(int, char**)’:
/home/swarmie/rover_workspace/build/CMakeFiles/CMakeTmp/CheckSymbolExists.cxx:8:19: error: ‘Q_WS_QWS’ was not declared in this scope
   return ((int*)(&Q_WS_QWS))[argc];
                   ^
make[1]: Leaving directory `/home/swarmie/rover_workspace/build/CMakeFiles/CMakeTmp'
make[1]: *** [CMakeFiles/cmTryCompileExec2624976791.dir/CheckSymbolExists.cxx.o] Error 1
make: *** [cmTryCompileExec2624976791/fast] Error 2

File /home/swarmie/rover_workspace/build/CMakeFiles/CMakeTmp/CheckSymbolExists.cxx:
/* */
#include <QtCore/qglobal.h>

int main(int argc, char** argv)
{
  (void)argv;
#ifndef Q_WS_QWS
  return ((int*)(&Q_WS_QWS))[argc];
#else
  (void)argc;
  return 0;
#endif
}

Determining if the Q_WS_MAC exist failed with the following output:
Change Dir: /home/swarmie/rover_workspace/build/CMakeFiles/CMakeTmp

Run Build Command:/usr/bin/make "cmTryCompileExec1510349400/fast"
/usr/bin/make -f CMakeFiles/cmTryCompileExec1510349400.dir/build.make CMakeFiles/cmTryCompileExec1510349400.dir/build
make[1]: Entering directory `/home/swarmie/rover_workspace/build/CMakeFiles/CMakeTmp'
/usr/bin/cmake -E cmake_progress_report /home/swarmie/rover_workspace/build/CMakeFiles/CMakeTmp/CMakeFiles 1
Building CXX object CMakeFiles/cmTryCompileExec1510349400.dir/CheckSymbolExists.cxx.o
/usr/bin/c++    -std=c++0x   -I/usr/include/qt4    -o CMakeFiles/cmTryCompileExec1510349400.dir/CheckSymbolExists.cxx.o -c /home/swarmie/rover_workspace/build/CMakeFiles/CMakeTmp/CheckSymbolExists.cxx
/home/swarmie/rover_workspace/build/CMakeFiles/CMakeTmp/CheckSymbolExists.cxx: In function ‘int main(int, char**)’:
/home/swarmie/rover_workspace/build/CMakeFiles/CMakeTmp/CheckSymbolExists.cxx:8:19: error: ‘Q_WS_MAC’ was not declared in this scope
   return ((int*)(&Q_WS_MAC))[argc];
                   ^
make[1]: Leaving directory `/home/swarmie/rover_workspace/build/CMakeFiles/CMakeTmp'
make[1]: *** [CMakeFiles/cmTryCompileExec1510349400.dir/CheckSymbolExists.cxx.o] Error 1
make: *** [cmTryCompileExec1510349400/fast] Error 2

File /home/swarmie/rover_workspace/build/CMakeFiles/CMakeTmp/CheckSymbolExists.cxx:
/* */
#include <QtCore/qglobal.h>

int main(int argc, char** argv)
{
  (void)argv;
#ifndef Q_WS_MAC
  return ((int*)(&Q_WS_MAC))[argc];
#else
  (void)argc;
  return 0;
#endif
}

